# JRE version: OpenJDK Runtime Environment (8.0_212-b03) (build 1.8.0_212-8u212-b03-0ubuntu1.18.04.1-b03)
# Java VM: OpenJDK 64-Bit Server VM (25.212-b03 mixed mode linux-amd64 compressed oops)
Heap:
 PSYoungGen      total 31232K, used 0K [0x00000000ec000000, 0x00000000ef580000, 0x0000000100000000)
  eden space 28672K, 0% used [0x00000000ec000000,0x00000000ec000000,0x00000000edc00000)
  from space 2560K, 0% used [0x00000000edc00000,0x00000000edc00000,0x00000000ede80000)
  to   space 1536K, 0% used [0x00000000ef400000,0x00000000ef400000,0x00000000ef580000)
 ParOldGen       total 345600K, used 274584K [0x00000000c4000000, 0x00000000d9180000, 0x00000000ec000000)
  object space 345600K, 79% used [0x00000000c4000000,0x00000000d4c26210,0x00000000d9180000)
 Metaspace       used 3915K, capacity 4572K, committed 4864K, reserved 1056768K
  class space    used 427K, capacity 460K, committed 512K, reserved 1048576K
GC Heap History (10 events):
Event: 17.874 GC heap before
{Heap before GC invocations=3 (full 0):
 PSYoungGen      total 17920K, used 896K [0x00000000ec000000, 0x00000000ee300000, 0x0000000100000000)
  eden space 15360K, 0% used [0x00000000ec000000,0x00000000ec000000,0x00000000ecf00000)
  from space 2560K, 35% used [0x00000000ed180000,0x00000000ed260020,0x00000000ed400000)
  to   space 2560K, 0% used [0x00000000ecf00000,0x00000000ecf00000,0x00000000ed180000)
 ParOldGen       total 655360K, used 529394K [0x00000000c4000000, 0x00000000ec000000, 0x00000000ec000000)
  object space 655360K, 80% used [0x00000000c4000000,0x00000000e44fc810,0x00000000ec000000)
 Metaspace       used 3915K, capacity 4572K, committed 4864K, reserved 1056768K
  class space    used 427K, capacity 460K, committed 512K, reserved 1048576K
Event: 18.336 GC heap after
Heap after GC invocations=3 (full 0):
 PSYoungGen      total 17920K, used 832K [0x00000000ec000000, 0x00000000ee300000, 0x0000000100000000)
  eden space 15360K, 0% used [0x00000000ec000000,0x00000000ec000000,0x00000000ecf00000)
  from space 2560K, 32% used [0x00000000ecf00000,0x00000000ecfd0020,0x00000000ed180000)
  to   space 2560K, 0% used [0x00000000ee080000,0x00000000ee080000,0x00000000ee300000)
 ParOldGen       total 655360K, used 529394K [0x00000000c4000000, 0x00000000ec000000, 0x00000000ec000000)
  object space 655360K, 80% used [0x00000000c4000000,0x00000000e44fc810,0x00000000ec000000)
 Metaspace       used 3915K, capacity 4572K, committed 4864K, reserved 1056768K
  class space    used 427K, capacity 460K, committed 512K, reserved 1048576K
}
Event: 18.336 GC heap before
{Heap before GC invocations=4 (full 1):
 PSYoungGen      total 17920K, used 832K [0x00000000ec000000, 0x00000000ee300000, 0x0000000100000000)
  eden space 15360K, 0% used [0x00000000ec000000,0x00000000ec000000,0x00000000ecf00000)
  from space 2560K, 32% used [0x00000000ecf00000,0x00000000ecfd0020,0x00000000ed180000)
  to   space 2560K, 0% used [0x00000000ee080000,0x00000000ee080000,0x00000000ee300000)
 ParOldGen       total 655360K, used 529394K [0x00000000c4000000, 0x00000000ec000000, 0x00000000ec000000)
  object space 655360K, 80% used [0x00000000c4000000,0x00000000e44fc810,0x00000000ec000000)
 Metaspace       used 3915K, capacity 4572K, committed 4864K, reserved 1056768K
  class space    used 427K, capacity 460K, committed 512K, reserved 1048576K
Event: 19.672 GC heap after
Heap after GC invocations=4 (full 1):
 PSYoungGen      total 17920K, used 0K [0x00000000ec000000, 0x00000000ee300000, 0x0000000100000000)
  eden space 15360K, 0% used [0x00000000ec000000,0x00000000ec000000,0x00000000ecf00000)
  from space 2560K, 0% used [0x00000000ecf00000,0x00000000ecf00000,0x00000000ed180000)
  to   space 2560K, 0% used [0x00000000ee080000,0x00000000ee080000,0x00000000ee300000)
 ParOldGen       total 231936K, used 183320K [0x00000000c4000000, 0x00000000d2280000, 0x00000000ec000000)
  object space 231936K, 79% used [0x00000000c4000000,0x00000000cf306068,0x00000000d2280000)
 Metaspace       used 3915K, capacity 4572K, committed 4864K, reserved 1056768K
  class space    used 427K, capacity 460K, committed 512K, reserved 1048576K
}
Event: 19.997 GC heap before
{Heap before GC invocations=5 (full 1):
 PSYoungGen      total 17920K, used 0K [0x00000000ec000000, 0x00000000ee300000, 0x0000000100000000)
  eden space 15360K, 0% used [0x00000000ec000000,0x00000000ec000000,0x00000000ecf00000)
  from space 2560K, 0% used [0x00000000ecf00000,0x00000000ecf00000,0x00000000ed180000)
  to   space 2560K, 0% used [0x00000000ee080000,0x00000000ee080000,0x00000000ee300000)
 ParOldGen       total 655360K, used 457113K [0x00000000c4000000, 0x00000000ec000000, 0x00000000ec000000)
  object space 655360K, 69% used [0x00000000c4000000,0x00000000dfe66570,0x00000000ec000000)
 Metaspace       used 3915K, capacity 4572K, committed 4864K, reserved 1056768K
  class space    used 427K, capacity 460K, committed 512K, reserved 1048576K
Event: 20.061 GC heap after
Heap after GC invocations=5 (full 1):
 PSYoungGen      total 28160K, used 0K [0x00000000ec000000, 0x00000000ee100000, 0x0000000100000000)
  eden space 27648K, 0% used [0x00000000ec000000,0x00000000ec000000,0x00000000edb00000)
  from space 512K, 0% used [0x00000000ee080000,0x00000000ee080000,0x00000000ee100000)
  to   space 2560K, 0% used [0x00000000edc00000,0x00000000edc00000,0x00000000ede80000)
 ParOldGen       total 655360K, used 457113K [0x00000000c4000000, 0x00000000ec000000, 0x00000000ec000000)
  object space 655360K, 69% used [0x00000000c4000000,0x00000000dfe66570,0x00000000ec000000)
 Metaspace       used 3915K, capacity 4572K, committed 4864K, reserved 1056768K
  class space    used 427K, capacity 460K, committed 512K, reserved 1048576K
}
Event: 20.061 GC heap before
{Heap before GC invocations=6 (full 1):
 PSYoungGen      total 28160K, used 0K [0x00000000ec000000, 0x00000000ee100000, 0x0000000100000000)
  eden space 27648K, 0% used [0x00000000ec000000,0x00000000ec000000,0x00000000edb00000)
  from space 512K, 0% used [0x00000000ee080000,0x00000000ee080000,0x00000000ee100000)
  to   space 2560K, 0% used [0x00000000edc00000,0x00000000edc00000,0x00000000ede80000)
 ParOldGen       total 655360K, used 457113K [0x00000000c4000000, 0x00000000ec000000, 0x00000000ec000000)
  object space 655360K, 69% used [0x00000000c4000000,0x00000000dfe66570,0x00000000ec000000)
 Metaspace       used 3915K, capacity 4572K, committed 4864K, reserved 1056768K
  class space    used 427K, capacity 460K, committed 512K, reserved 1048576K
Event: 20.127 GC heap after
Heap after GC invocations=6 (full 1):
 PSYoungGen      total 31232K, used 0K [0x00000000ec000000, 0x00000000ef580000, 0x0000000100000000)
  eden space 28672K, 0% used [0x00000000ec000000,0x00000000ec000000,0x00000000edc00000)
  from space 2560K, 0% used [0x00000000edc00000,0x00000000edc00000,0x00000000ede80000)
  to   space 1536K, 0% used [0x00000000ef400000,0x00000000ef400000,0x00000000ef580000)
 ParOldGen       total 655360K, used 457113K [0x00000000c4000000, 0x00000000ec000000, 0x00000000ec000000)
  object space 655360K, 69% used [0x00000000c4000000,0x00000000dfe66570,0x00000000ec000000)
 Metaspace       used 3915K, capacity 4572K, committed 4864K, reserved 1056768K
  class space    used 427K, capacity 460K, committed 512K, reserved 1048576K
}
Event: 20.127 GC heap before
{Heap before GC invocations=7 (full 2):
 PSYoungGen      total 31232K, used 0K [0x00000000ec000000, 0x00000000ef580000, 0x0000000100000000)
  eden space 28672K, 0% used [0x00000000ec000000,0x00000000ec000000,0x00000000edc00000)
  from space 2560K, 0% used [0x00000000edc00000,0x00000000edc00000,0x00000000ede80000)
  to   space 1536K, 0% used [0x00000000ef400000,0x00000000ef400000,0x00000000ef580000)
 ParOldGen       total 655360K, used 457113K [0x00000000c4000000, 0x00000000ec000000, 0x00000000ec000000)
  object space 655360K, 69% used [0x00000000c4000000,0x00000000dfe66570,0x00000000ec000000)
 Metaspace       used 3915K, capacity 4572K, committed 4864K, reserved 1056768K
  class space    used 427K, capacity 460K, committed 512K, reserved 1048576K
Event: 22.425 GC heap after
Heap after GC invocations=7 (full 2):
 PSYoungGen      total 31232K, used 0K [0x00000000ec000000, 0x00000000ef580000, 0x0000000100000000)
  eden space 28672K, 0% used [0x00000000ec000000,0x00000000ec000000,0x00000000edc00000)
  from space 2560K, 0% used [0x00000000edc00000,0x00000000edc00000,0x00000000ede80000)
  to   space 1536K, 0% used [0x00000000ef400000,0x00000000ef400000,0x00000000ef580000)
 ParOldGen       total 345600K, used 274584K [0x00000000c4000000, 0x00000000d9180000, 0x00000000ec000000)
  object space 345600K, 79% used [0x00000000c4000000,0x00000000d4c26210,0x00000000d9180000)
 Metaspace       used 3915K, capacity 4572K, committed 4864K, reserved 1056768K
  class space    used 427K, capacity 460K, committed 512K, reserved 1048576K
}

